[12-Mar-2018 21:28:28 UTC] PHP Fatal error:  Uncaught exception 'PDOException' with message 'SQLSTATE[HY000] [1049] Unknown database 'otermart'' in /home/ubuntu/workspace/nengbeck/reports/reports.php:67
Stack trace:
#0 /home/ubuntu/workspace/nengbeck/reports/reports.php(67): PDO->__construct('mysql:host=loca...', 'root', '')
#1 {main}
  thrown in /home/ubuntu/workspace/nengbeck/reports/reports.php on line 67
[12-Mar-2018 21:33:33 UTC] PHP Fatal error:  Call to undefined method PDO::setAtttribute() in /home/ubuntu/workspace/nengbeck/reports/reports.php on line 68
[12-Mar-2018 21:33:33 UTC] PHP Stack trace:
[12-Mar-2018 21:33:33 UTC] PHP   1. {main}() /home/ubuntu/workspace/nengbeck/reports/reports.php:0
[12-Mar-2018 21:34:01 UTC] PHP Fatal error:  Uncaught exception 'PDOException' with message 'SQLSTATE[42S02]: Base table or view not found: 1146 Table 'ottermart.om_purchase' doesn't exist' in /home/ubuntu/workspace/nengbeck/reports/reports.php:71
Stack trace:
#0 /home/ubuntu/workspace/nengbeck/reports/reports.php(71): PDOStatement->execute()
#1 {main}
  thrown in /home/ubuntu/workspace/nengbeck/reports/reports.php on line 71
[12-Mar-2018 21:34:59 UTC] PHP Fatal error:  Uncaught exception 'PDOException' with message 'SQLSTATE[42S02]: Base table or view not found: 1146 Table 'ottermart.om_purchase' doesn't exist' in /home/ubuntu/workspace/nengbeck/reports/reports.php:40
Stack trace:
#0 /home/ubuntu/workspace/nengbeck/reports/reports.php(40): PDOStatement->execute()
#1 {main}
  thrown in /home/ubuntu/workspace/nengbeck/reports/reports.php on line 40
[12-Mar-2018 21:35:40 UTC] PHP Fatal error:  Uncaught exception 'PDOException' with message 'SQLSTATE[42S02]: Base table or view not found: 1146 Table 'ottermart.om_purchase' doesn't exist' in /home/ubuntu/workspace/nengbeck/reports/reports.php:40
Stack trace:
#0 /home/ubuntu/workspace/nengbeck/reports/reports.php(40): PDOStatement->execute()
#1 {main}
  thrown in /home/ubuntu/workspace/nengbeck/reports/reports.php on line 40
[12-Mar-2018 21:36:03 UTC] PHP Fatal error:  Uncaught exception 'PDOException' with message 'SQLSTATE[42S02]: Base table or view not found: 1146 Table 'ottermart.om_purchase' doesn't exist' in /home/ubuntu/workspace/nengbeck/reports/reports.php:40
Stack trace:
#0 /home/ubuntu/workspace/nengbeck/reports/reports.php(40): PDOStatement->execute()
#1 {main}
  thrown in /home/ubuntu/workspace/nengbeck/reports/reports.php on line 40
[12-Mar-2018 21:37:21 UTC] PHP Fatal error:  Uncaught exception 'PDOException' with message 'SQLSTATE[42S02]: Base table or view not found: 1146 Table 'ottermart.om_purchase' doesn't exist' in /home/ubuntu/workspace/nengbeck/reports/reports.php:40
Stack trace:
#0 /home/ubuntu/workspace/nengbeck/reports/reports.php(40): PDOStatement->execute()
#1 {main}
  thrown in /home/ubuntu/workspace/nengbeck/reports/reports.php on line 40
[12-Mar-2018 21:37:52 UTC] PHP Fatal error:  Uncaught exception 'PDOException' with message 'SQLSTATE[42S02]: Base table or view not found: 1146 Table 'ottermart.om_purchase' doesn't exist' in /home/ubuntu/workspace/nengbeck/reports/reports.php:39
Stack trace:
#0 /home/ubuntu/workspace/nengbeck/reports/reports.php(39): PDOStatement->execute()
#1 {main}
  thrown in /home/ubuntu/workspace/nengbeck/reports/reports.php on line 39
[12-Mar-2018 21:39:47 UTC] PHP Fatal error:  Uncaught exception 'PDOException' with message 'SQLSTATE[42S02]: Base table or view not found: 1146 Table 'ottermart.om_purchase' doesn't exist' in /home/ubuntu/workspace/nengbeck/reports/reports.php:39
Stack trace:
#0 /home/ubuntu/workspace/nengbeck/reports/reports.php(39): PDOStatement->execute()
#1 {main}
  thrown in /home/ubuntu/workspace/nengbeck/reports/reports.php on line 39
[12-Mar-2018 21:40:17 UTC] PHP Fatal error:  Uncaught exception 'PDOException' with message 'SQLSTATE[42S02]: Base table or view not found: 1146 Table 'ottermart.om_user' doesn't exist' in /home/ubuntu/workspace/nengbeck/reports/reports.php:39
Stack trace:
#0 /home/ubuntu/workspace/nengbeck/reports/reports.php(39): PDOStatement->execute()
#1 {main}
  thrown in /home/ubuntu/workspace/nengbeck/reports/reports.php on line 39
[12-Mar-2018 21:40:30 UTC] PHP Fatal error:  Uncaught exception 'PDOException' with message 'SQLSTATE[42S02]: Base table or view not found: 1146 Table 'ottermart.om_product' doesn't exist' in /home/ubuntu/workspace/nengbeck/reports/reports.php:48
Stack trace:
#0 /home/ubuntu/workspace/nengbeck/reports/reports.php(48): PDOStatement->execute()
#1 {main}
  thrown in /home/ubuntu/workspace/nengbeck/reports/reports.php on line 48
[12-Mar-2018 21:43:39 UTC] PHP Fatal error:  Uncaught exception 'PDOException' with message 'SQLSTATE[42S02]: Base table or view not found: 1146 Table 'ottermart.user' doesn't exist' in /home/ubuntu/workspace/nengbeck/reports/reports.php:63
Stack trace:
#0 /home/ubuntu/workspace/nengbeck/reports/reports.php(63): PDOStatement->execute()
#1 {main}
  thrown in /home/ubuntu/workspace/nengbeck/reports/reports.php on line 63
[12-Mar-2018 21:44:06 UTC] PHP Fatal error:  Uncaught exception 'PDOException' with message 'SQLSTATE[42S02]: Base table or view not found: 1146 Table 'ottermart.user' doesn't exist' in /home/ubuntu/workspace/nengbeck/reports/reports.php:63
Stack trace:
#0 /home/ubuntu/workspace/nengbeck/reports/reports.php(63): PDOStatement->execute()
#1 {main}
  thrown in /home/ubuntu/workspace/nengbeck/reports/reports.php on line 63
[11-Apr-2018 22:32:26 UTC] PHP Fatal error:  Uncaught exception 'PDOException' with message 'SQLSTATE[HY000] [1049] Unknown database 'history'' in /home/ubuntu/workspace/nengbeck/challenges/dbConnection.php:9
Stack trace:
#0 /home/ubuntu/workspace/nengbeck/challenges/dbConnection.php(9): PDO->__construct('mysql:host=loca...', 'root', '')
#1 /home/ubuntu/workspace/nengbeck/challenges/April_9_2018.php(6): getDatabaseConnection('history')
#2 {main}
  thrown in /home/ubuntu/workspace/nengbeck/challenges/dbConnection.php on line 9
[11-Apr-2018 22:33:02 UTC] PHP Parse error:  syntax error, unexpected end of file in /home/ubuntu/workspace/nengbeck/challenges/dbConnection.php on line 17
[11-Apr-2018 22:33:02 UTC] PHP Stack trace:
[11-Apr-2018 22:33:02 UTC] PHP   1. {main}() /home/ubuntu/workspace/nengbeck/challenges/April_9_2018.php:0
[11-Apr-2018 22:33:25 UTC] PHP Fatal error:  Uncaught exception 'PDOException' with message 'SQLSTATE[HY000] [1045] Access denied for user ''@'localhost' (using password: NO)' in /home/ubuntu/workspace/nengbeck/challenges/dbConnection.php:9
Stack trace:
#0 /home/ubuntu/workspace/nengbeck/challenges/dbConnection.php(9): PDO->__construct('mysql:host=loca...')
#1 /home/ubuntu/workspace/nengbeck/challenges/April_9_2018.php(6): getDatabaseConnection('history')
#2 {main}
  thrown in /home/ubuntu/workspace/nengbeck/challenges/dbConnection.php on line 9
[11-Apr-2018 22:33:33 UTC] PHP Parse error:  syntax error, unexpected ':' in /home/ubuntu/workspace/nengbeck/challenges/dbConnection.php on line 9
[11-Apr-2018 22:33:33 UTC] PHP Stack trace:
[11-Apr-2018 22:33:33 UTC] PHP   1. {main}() /home/ubuntu/workspace/nengbeck/challenges/April_9_2018.php:0
[11-Apr-2018 22:34:10 UTC] PHP Fatal error:  Uncaught exception 'PDOException' with message 'SQLSTATE[HY000] [1049] Unknown database 'history'' in /home/ubuntu/workspace/nengbeck/challenges/dbConnection.php:9
Stack trace:
#0 /home/ubuntu/workspace/nengbeck/challenges/dbConnection.php(9): PDO->__construct('mysql:host=loca...', 'root', '')
#1 /home/ubuntu/workspace/nengbeck/challenges/April_9_2018.php(6): getDatabaseConnection('history')
#2 {main}
  thrown in /home/ubuntu/workspace/nengbeck/challenges/dbConnection.php on line 9
[11-Apr-2018 22:34:38 UTC] PHP Fatal error:  Uncaught exception 'PDOException' with message 'SQLSTATE[HY000] [1049] Unknown database 'guessedHistory'' in /home/ubuntu/workspace/nengbeck/challenges/dbConnection.php:9
Stack trace:
#0 /home/ubuntu/workspace/nengbeck/challenges/dbConnection.php(9): PDO->__construct('mysql:host=loca...', 'root', '')
#1 /home/ubuntu/workspace/nengbeck/challenges/April_9_2018.php(6): getDatabaseConnection('guessedHistory')
#2 {main}
  thrown in /home/ubuntu/workspace/nengbeck/challenges/dbConnection.php on line 9
[11-Apr-2018 22:41:53 UTC] PHP Fatal error:  Uncaught exception 'PDOException' with message 'SQLSTATE[42S02]: Base table or view not found: 1146 Table 'guesses History.om_product' doesn't exist' in /home/ubuntu/workspace/nengbeck/challenges/April_9_2018.php:80
Stack trace:
#0 /home/ubuntu/workspace/nengbeck/challenges/April_9_2018.php(80): PDOStatement->execute()
#1 {main}
  thrown in /home/ubuntu/workspace/nengbeck/challenges/April_9_2018.php on line 80
