[21-Feb-2018 23:12:25 UTC] PHP Warning:  include(api/pixabayAPI.php): failed to open stream: No such file or directory in /home/ubuntu/workspace/nengbeck/labs/lab4/index.php on line 5
[21-Feb-2018 23:12:25 UTC] PHP Stack trace:
[21-Feb-2018 23:12:25 UTC] PHP   1. {main}() /home/ubuntu/workspace/nengbeck/labs/lab4/index.php:0
[21-Feb-2018 23:12:25 UTC] PHP Warning:  include(): Failed opening 'api/pixabayAPI.php' for inclusion (include_path='.:/usr/share/php:/usr/share/pear') in /home/ubuntu/workspace/nengbeck/labs/lab4/index.php on line 5
[21-Feb-2018 23:12:25 UTC] PHP Stack trace:
[21-Feb-2018 23:12:25 UTC] PHP   1. {main}() /home/ubuntu/workspace/nengbeck/labs/lab4/index.php:0
[21-Feb-2018 23:12:25 UTC] PHP Fatal error:  Call to undefined function getImageURLs() in /home/ubuntu/workspace/nengbeck/labs/lab4/index.php on line 6
[21-Feb-2018 23:12:25 UTC] PHP Stack trace:
[21-Feb-2018 23:12:25 UTC] PHP   1. {main}() /home/ubuntu/workspace/nengbeck/labs/lab4/index.php:0
[21-Feb-2018 23:12:32 UTC] PHP Warning:  include(api/pixabayAPI.php): failed to open stream: No such file or directory in /home/ubuntu/workspace/nengbeck/labs/lab4/index.php on line 5
[21-Feb-2018 23:12:32 UTC] PHP Stack trace:
[21-Feb-2018 23:12:32 UTC] PHP   1. {main}() /home/ubuntu/workspace/nengbeck/labs/lab4/index.php:0
[21-Feb-2018 23:12:32 UTC] PHP Warning:  include(): Failed opening 'api/pixabayAPI.php' for inclusion (include_path='.:/usr/share/php:/usr/share/pear') in /home/ubuntu/workspace/nengbeck/labs/lab4/index.php on line 5
[21-Feb-2018 23:12:32 UTC] PHP Stack trace:
[21-Feb-2018 23:12:32 UTC] PHP   1. {main}() /home/ubuntu/workspace/nengbeck/labs/lab4/index.php:0
[21-Feb-2018 23:12:32 UTC] PHP Fatal error:  Call to undefined function getImageURLs() in /home/ubuntu/workspace/nengbeck/labs/lab4/index.php on line 6
[21-Feb-2018 23:12:32 UTC] PHP Stack trace:
[21-Feb-2018 23:12:32 UTC] PHP   1. {main}() /home/ubuntu/workspace/nengbeck/labs/lab4/index.php:0
[21-Feb-2018 23:15:17 UTC] PHP Warning:  include(api/pixabayAPI.php): failed to open stream: No such file or directory in /home/ubuntu/workspace/nengbeck/labs/lab4/index.php on line 5
[21-Feb-2018 23:15:17 UTC] PHP Stack trace:
[21-Feb-2018 23:15:17 UTC] PHP   1. {main}() /home/ubuntu/workspace/nengbeck/labs/lab4/index.php:0
[21-Feb-2018 23:15:17 UTC] PHP Warning:  include(): Failed opening 'api/pixabayAPI.php' for inclusion (include_path='.:/usr/share/php:/usr/share/pear') in /home/ubuntu/workspace/nengbeck/labs/lab4/index.php on line 5
[21-Feb-2018 23:15:17 UTC] PHP Stack trace:
[21-Feb-2018 23:15:17 UTC] PHP   1. {main}() /home/ubuntu/workspace/nengbeck/labs/lab4/index.php:0
[21-Feb-2018 23:15:17 UTC] PHP Fatal error:  Call to undefined function getImageURLs() in /home/ubuntu/workspace/nengbeck/labs/lab4/index.php on line 6
[21-Feb-2018 23:15:17 UTC] PHP Stack trace:
[21-Feb-2018 23:15:17 UTC] PHP   1. {main}() /home/ubuntu/workspace/nengbeck/labs/lab4/index.php:0
