[30-Apr-2018 22:17:05 UTC] PHP Warning:  include(../../dbConnection.php): failed to open stream: No such file or directory in /home/ubuntu/workspace/nengbeck/labs/lab10/api/getPetInfo.php on line 3
[30-Apr-2018 22:17:05 UTC] PHP Stack trace:
[30-Apr-2018 22:17:05 UTC] PHP   1. {main}() /home/ubuntu/workspace/nengbeck/labs/lab10/api/getPetInfo.php:0
[30-Apr-2018 22:17:05 UTC] PHP Warning:  include(): Failed opening '../../dbConnection.php' for inclusion (include_path='.:/usr/share/php:/usr/share/pear') in /home/ubuntu/workspace/nengbeck/labs/lab10/api/getPetInfo.php on line 3
[30-Apr-2018 22:17:05 UTC] PHP Stack trace:
[30-Apr-2018 22:17:05 UTC] PHP   1. {main}() /home/ubuntu/workspace/nengbeck/labs/lab10/api/getPetInfo.php:0
[30-Apr-2018 22:17:05 UTC] PHP Fatal error:  Call to undefined function getDatabaseConnection() in /home/ubuntu/workspace/nengbeck/labs/lab10/api/getPetInfo.php on line 5
[30-Apr-2018 22:17:05 UTC] PHP Stack trace:
[30-Apr-2018 22:17:05 UTC] PHP   1. {main}() /home/ubuntu/workspace/nengbeck/labs/lab10/api/getPetInfo.php:0
[30-Apr-2018 22:17:22 UTC] PHP Fatal error:  Uncaught exception 'PDOException' with message 'SQLSTATE[HY093]: Invalid parameter number: no parameters were bound' in /home/ubuntu/workspace/nengbeck/labs/lab10/api/getPetInfo.php:11
Stack trace:
#0 /home/ubuntu/workspace/nengbeck/labs/lab10/api/getPetInfo.php(11): PDOStatement->execute()
#1 {main}
  thrown in /home/ubuntu/workspace/nengbeck/labs/lab10/api/getPetInfo.php on line 11
[30-Apr-2018 22:18:50 UTC] PHP Warning:  include(inc/header.php): failed to open stream: No such file or directory in /home/ubuntu/workspace/nengbeck/labs/lab10/api/getPetInfo.php on line 3
[30-Apr-2018 22:18:50 UTC] PHP Stack trace:
[30-Apr-2018 22:18:50 UTC] PHP   1. {main}() /home/ubuntu/workspace/nengbeck/labs/lab10/api/getPetInfo.php:0
[30-Apr-2018 22:18:50 UTC] PHP Warning:  include(): Failed opening 'inc/header.php' for inclusion (include_path='.:/usr/share/php:/usr/share/pear') in /home/ubuntu/workspace/nengbeck/labs/lab10/api/getPetInfo.php on line 3
[30-Apr-2018 22:18:50 UTC] PHP Stack trace:
[30-Apr-2018 22:18:50 UTC] PHP   1. {main}() /home/ubuntu/workspace/nengbeck/labs/lab10/api/getPetInfo.php:0
[30-Apr-2018 22:18:50 UTC] PHP Fatal error:  Uncaught exception 'PDOException' with message 'SQLSTATE[HY093]: Invalid parameter number: no parameters were bound' in /home/ubuntu/workspace/nengbeck/labs/lab10/api/getPetInfo.php:12
Stack trace:
#0 /home/ubuntu/workspace/nengbeck/labs/lab10/api/getPetInfo.php(12): PDOStatement->execute()
#1 {main}
  thrown in /home/ubuntu/workspace/nengbeck/labs/lab10/api/getPetInfo.php on line 12
[30-Apr-2018 22:20:06 UTC] PHP Warning:  include(inc/header.php): failed to open stream: No such file or directory in /home/ubuntu/workspace/nengbeck/labs/lab10/api/getPetInfo.php on line 3
[30-Apr-2018 22:20:06 UTC] PHP Stack trace:
[30-Apr-2018 22:20:06 UTC] PHP   1. {main}() /home/ubuntu/workspace/nengbeck/labs/lab10/api/getPetInfo.php:0
[30-Apr-2018 22:20:06 UTC] PHP Warning:  include(): Failed opening 'inc/header.php' for inclusion (include_path='.:/usr/share/php:/usr/share/pear') in /home/ubuntu/workspace/nengbeck/labs/lab10/api/getPetInfo.php on line 3
[30-Apr-2018 22:20:06 UTC] PHP Stack trace:
[30-Apr-2018 22:20:06 UTC] PHP   1. {main}() /home/ubuntu/workspace/nengbeck/labs/lab10/api/getPetInfo.php:0
[30-Apr-2018 22:20:28 UTC] PHP Parse error:  syntax error, unexpected ';' in /home/ubuntu/workspace/nengbeck/labs/lab10/api/getPetInfo.php on line 12
[30-Apr-2018 22:20:36 UTC] PHP Warning:  include(../../dbConnection.php): failed to open stream: No such file or directory in /home/ubuntu/workspace/nengbeck/labs/lab10/api/getPetInfo.php on line 3
[30-Apr-2018 22:20:36 UTC] PHP Stack trace:
[30-Apr-2018 22:20:36 UTC] PHP   1. {main}() /home/ubuntu/workspace/nengbeck/labs/lab10/api/getPetInfo.php:0
[30-Apr-2018 22:20:36 UTC] PHP Warning:  include(): Failed opening '../../dbConnection.php' for inclusion (include_path='.:/usr/share/php:/usr/share/pear') in /home/ubuntu/workspace/nengbeck/labs/lab10/api/getPetInfo.php on line 3
[30-Apr-2018 22:20:36 UTC] PHP Stack trace:
[30-Apr-2018 22:20:36 UTC] PHP   1. {main}() /home/ubuntu/workspace/nengbeck/labs/lab10/api/getPetInfo.php:0
[30-Apr-2018 22:20:36 UTC] PHP Fatal error:  Call to undefined function getDatabaseConnection() in /home/ubuntu/workspace/nengbeck/labs/lab10/api/getPetInfo.php on line 5
[30-Apr-2018 22:20:36 UTC] PHP Stack trace:
[30-Apr-2018 22:20:36 UTC] PHP   1. {main}() /home/ubuntu/workspace/nengbeck/labs/lab10/api/getPetInfo.php:0
